TN:
SF:js\app-logic.js
FN:22,analyzeStatus
FN:42,(anonymous_1)
FN:111,formatPct
FN:120,isBusDisruption
FN:133,isTramDisruption
FN:146,isSBahnDisruption
FN:159,isUBahnDisruption
FN:173,isOtherDisruption
FN:190,renderDisruptions
FN:208,(anonymous_9)
FN:248,parseAPIResponse
FN:257,(anonymous_11)
FN:270,validateDepartures
FN:275,(anonymous_13)
FN:287,(anonymous_14)
FNF:15
FNH:15
FNDA:12,analyzeStatus
FNDA:42,(anonymous_1)
FNDA:5,formatPct
FNDA:3,isBusDisruption
FNDA:3,isTramDisruption
FNDA:3,isSBahnDisruption
FNDA:3,isUBahnDisruption
FNDA:3,isOtherDisruption
FNDA:11,renderDisruptions
FNDA:10,(anonymous_9)
FNDA:4,parseAPIResponse
FNDA:2,(anonymous_11)
FNDA:6,validateDepartures
FNDA:7,(anonymous_13)
FNDA:5,(anonymous_14)
DA:9,1
DA:23,12
DA:24,3
DA:36,9
DA:37,9
DA:38,9
DA:39,9
DA:40,9
DA:42,9
DA:44,42
DA:45,42
DA:46,3
DA:47,3
DA:48,1
DA:49,1
DA:54,42
DA:55,5
DA:56,5
DA:63,5
DA:67,37
DA:68,37
DA:69,17
DA:70,17
DA:81,9
DA:82,9
DA:83,9
DA:85,9
DA:86,9
DA:87,7
DA:88,2
DA:89,1
DA:92,9
DA:112,5
DA:121,3
DA:122,1
DA:124,2
DA:125,2
DA:134,3
DA:135,1
DA:137,2
DA:138,2
DA:147,3
DA:148,1
DA:150,2
DA:151,2
DA:160,3
DA:161,1
DA:163,2
DA:164,2
DA:174,3
DA:175,1
DA:177,2
DA:178,2
DA:191,11
DA:192,1
DA:195,10
DA:197,10
DA:198,2
DA:199,2
DA:200,2
DA:201,2
DA:202,2
DA:205,8
DA:206,8
DA:208,8
DA:209,10
DA:210,10
DA:212,10
DA:213,10
DA:215,10
DA:217,10
DA:218,9
DA:219,1
DA:220,1
DA:221,1
DA:224,10
DA:225,1
DA:226,1
DA:227,1
DA:228,1
DA:229,1
DA:230,1
DA:232,9
DA:235,10
DA:238,8
DA:249,4
DA:250,1
DA:253,3
DA:254,1
DA:257,2
DA:258,2
DA:259,1
DA:261,1
DA:271,6
DA:272,2
DA:275,4
DA:277,7
DA:278,1
DA:282,6
DA:283,1
DA:286,5
DA:289,5
LF:102
LH:102
BRDA:23,0,0,3
BRDA:23,0,1,9
BRDA:23,1,0,12
BRDA:23,1,1,10
BRDA:45,2,0,3
BRDA:45,2,1,39
BRDA:45,3,0,42
BRDA:45,3,1,3
BRDA:47,4,0,1
BRDA:47,4,1,2
BRDA:54,5,0,5
BRDA:54,5,1,37
BRDA:68,6,0,17
BRDA:68,6,1,20
BRDA:68,7,0,37
BRDA:68,7,1,18
BRDA:86,8,0,7
BRDA:86,8,1,2
BRDA:88,9,0,1
BRDA:88,9,1,1
BRDA:121,10,0,1
BRDA:121,10,1,2
BRDA:121,11,0,3
BRDA:121,11,1,2
BRDA:121,11,2,2
BRDA:134,12,0,1
BRDA:134,12,1,2
BRDA:134,13,0,3
BRDA:134,13,1,2
BRDA:134,13,2,2
BRDA:147,14,0,1
BRDA:147,14,1,2
BRDA:147,15,0,3
BRDA:147,15,1,2
BRDA:147,15,2,2
BRDA:160,16,0,1
BRDA:160,16,1,2
BRDA:160,17,0,3
BRDA:160,17,1,2
BRDA:160,17,2,2
BRDA:174,18,0,1
BRDA:174,18,1,2
BRDA:174,19,0,3
BRDA:174,19,1,2
BRDA:174,19,2,2
BRDA:178,20,0,2
BRDA:178,20,1,1
BRDA:178,20,2,1
BRDA:178,20,3,1
BRDA:191,21,0,1
BRDA:191,21,1,10
BRDA:197,22,0,2
BRDA:197,22,1,8
BRDA:197,23,0,10
BRDA:197,23,1,10
BRDA:212,24,0,9
BRDA:212,24,1,1
BRDA:212,25,0,10
BRDA:212,25,1,9
BRDA:213,26,0,10
BRDA:213,26,1,1
BRDA:217,27,0,9
BRDA:217,27,1,1
BRDA:217,28,0,10
BRDA:217,28,1,1
BRDA:219,29,0,1
BRDA:219,29,1,0
BRDA:219,30,0,1
BRDA:219,30,1,1
BRDA:224,31,0,1
BRDA:224,31,1,9
BRDA:249,32,0,1
BRDA:249,32,1,3
BRDA:253,33,0,1
BRDA:253,33,1,2
BRDA:258,34,0,1
BRDA:258,34,1,1
BRDA:271,35,0,2
BRDA:271,35,1,4
BRDA:277,36,0,1
BRDA:277,36,1,6
BRDA:282,37,0,1
BRDA:282,37,1,5
BRDA:282,38,0,6
BRDA:282,38,1,5
BRDA:290,39,0,5
BRDA:290,39,1,5
BRDA:292,40,0,5
BRDA:292,40,1,5
BRDA:292,40,2,0
BRDA:293,41,0,5
BRDA:293,41,1,5
BRDA:293,41,2,4
BRDA:295,42,0,5
BRDA:295,42,1,0
BRDA:296,43,0,5
BRDA:296,43,1,5
BRDA:297,44,0,1
BRDA:297,44,1,4
BRDA:299,45,0,5
BRDA:299,45,1,5
BRDA:300,46,0,5
BRDA:300,46,1,5
BRDA:301,47,0,0
BRDA:301,47,1,5
BRF:105
BRH:101
end_of_record
